Time:2010-08-19 22:19:11
IP:::1
Url:http://localhost/LinkList.aspx
UrlRef:http://localhost:802/Contact.aspx
Message:System.Web.HttpParseException: 未知的服务器标记“cc1:pagenaver”。 ---> System.Web.HttpException: 未知的服务器标记“cc1:pagenaver”。
   在 System.Web.UI.TemplateParser.ProcessError(String message)
   在 System.Web.UI.TemplateParser.ProcessBeginTag(Match match, String inputText)
   在 System.Web.UI.TemplateParser.ParseStringInternal(String text, Encoding fileEncoding)
   --- 内部异常堆栈跟踪的结尾 ---
   在 System.Web.UI.TemplateParser.ProcessException(Exception ex)
   在 System.Web.UI.TemplateParser.ParseStringInternal(String text, Encoding fileEncoding)
   在 System.Web.UI.TemplateParser.ParseString(String text, VirtualPath virtualPath, Encoding fileEncoding)


Time:2010-08-19 23:36:26
IP:::1
Url:http://localhost/LinkList.aspx
UrlRef:http://localhost:802/Leadership.aspx
Message:System.Web.HttpException: 类型“DropDownList”的控件“ctl00_ctl00_ContentPlaceHolder1_ContentPlaceHolder1_drpCate”必须放在具有 runat=server 的窗体标记内。
   在 System.Web.UI.Page.VerifyRenderingInServerForm(Control control)
   在 System.Web.UI.WebControls.ListControl.AddAttributesToRender(HtmlTextWriter writer)
   在 System.Web.UI.WebControls.DropDownList.AddAttributesToRender(HtmlTextWriter writer)
   在 System.Web.UI.WebControls.WebControl.RenderBeginTag(HtmlTextWriter writer)
   在 System.Web.UI.WebControls.WebControl.Render(HtmlTextWriter writer)
   在 System.Web.UI.Control.RenderControlInternal(HtmlTextWriter writer, ControlAdapter adapter)
   在 System.Web.UI.Control.RenderControl(HtmlTextWriter writer, ControlAdapter adapter)
   在 System.Web.UI.Control.RenderControl(HtmlTextWriter writer)
   在 System.Web.UI.Control.RenderChildrenInternal(HtmlTextWriter writer, ICollection children)
   在 System.Web.UI.Control.RenderChildren(HtmlTextWriter writer)
   在 System.Web.UI.Control.Render(HtmlTextWriter writer)
   在 System.Web.UI.Control.RenderControlInternal(HtmlTextWriter writer, ControlAdapter adapter)
   在 System.Web.UI.Control.RenderControl(HtmlTextWriter writer, ControlAdapter adapter)
   在 System.Web.UI.Control.RenderControl(HtmlTextWriter writer)
   在 System.Web.UI.Control.RenderChildrenInternal(HtmlTextWriter writer, ICollection children)
   在 System.Web.UI.Control.RenderChildren(HtmlTextWriter writer)
   在 System.Web.UI.Control.Render(HtmlTextWriter writer)
   在 System.Web.UI.Control.RenderControlInternal(HtmlTextWriter writer, ControlAdapter adapter)
   在 System.Web.UI.Control.RenderControl(HtmlTextWriter writer, ControlAdapter adapter)
   在 System.Web.UI.Control.RenderControl(HtmlTextWriter writer)
   在 System.Web.UI.Control.RenderChildrenInternal(HtmlTextWriter writer, ICollection children)
   在 System.Web.UI.Control.RenderChildren(HtmlTextWriter writer)
   在 System.Web.UI.Control.Render(HtmlTextWriter writer)
   在 System.Web.UI.Control.RenderControlInternal(HtmlTextWriter writer, ControlAdapter adapter)
   在 System.Web.UI.Control.RenderControl(HtmlTextWriter writer, ControlAdapter adapter)
   在 System.Web.UI.Control.RenderControl(HtmlTextWriter writer)
   在 System.Web.UI.Control.RenderChildrenInternal(HtmlTextWriter writer, ICollection children)
   在 System.Web.UI.Control.RenderChildren(HtmlTextWriter writer)
   在 System.Web.UI.Control.Render(HtmlTextWriter writer)
   在 System.Web.UI.Control.RenderControlInternal(HtmlTextWriter writer, ControlAdapter adapter)
   在 System.Web.UI.Control.RenderControl(HtmlTextWriter writer, ControlAdapter adapter)
   在 System.Web.UI.Control.RenderControl(HtmlTextWriter writer)
   在 System.Web.UI.Control.RenderChildrenInternal(HtmlTextWriter writer, ICollection children)
   在 System.Web.UI.Control.RenderChildren(HtmlTextWriter writer)
   在 System.Web.UI.Page.Render(HtmlTextWriter writer)
   在 System.Web.UI.Control.RenderControlInternal(HtmlTextWriter writer, ControlAdapter adapter)
   在 System.Web.UI.Control.RenderControl(HtmlTextWriter writer, ControlAdapter adapter)
   在 System.Web.UI.Control.RenderControl(HtmlTextWriter writer)
   在 System.Web.UI.Page.ProcessRequestMain(Boolean includeStagesBeforeAsyncPoint, Boolean includeStagesAfterAsyncPoint)


Time:2010-08-19 23:37:36
IP:::1
Url:http://localhost/LinkList.aspx
UrlRef:http://localhost:802/Leadership.aspx
Message:System.Web.HttpParseException: 未知的服务器标记“asp:Form”。 ---> System.Web.HttpException: 未知的服务器标记“asp:Form”。
   在 System.Web.UI.TagPrefixTagNameToTypeMapper.System.Web.UI.ITagNameToTypeMapper.GetControlType(String tagName, IDictionary attribs)
   在 System.Web.UI.MainTagNameToTypeMapper.GetControlType2(String tagName, IDictionary attribs, Boolean fAllowHtmlTags)
   在 System.Web.UI.MainTagNameToTypeMapper.GetControlType(String tagName, IDictionary attribs, Boolean fAllowHtmlTags)
   在 System.Web.UI.RootBuilder.GetChildControlType(String tagName, IDictionary attribs)
   在 System.Web.UI.ControlBuilder.CreateChildBuilder(String filter, String tagName, IDictionary attribs, TemplateParser parser, ControlBuilder parentBuilder, String id, Int32 line, VirtualPath virtualPath, Type& childType, Boolean defaultProperty)
   在 System.Web.UI.TemplateParser.ProcessBeginTag(Match match, String inputText)
   在 System.Web.UI.TemplateParser.ParseStringInternal(String text, Encoding fileEncoding)
   --- 内部异常堆栈跟踪的结尾 ---
   在 System.Web.UI.TemplateParser.ProcessException(Exception ex)
   在 System.Web.UI.TemplateParser.ParseStringInternal(String text, Encoding fileEncoding)
   在 System.Web.UI.TemplateParser.ParseString(String text, VirtualPath virtualPath, Encoding fileEncoding)


Time:2010-08-21 21:18:44
IP:::1
Url:http://localhost/NoticeList.aspx
UrlRef:http://localhost:802/Index.aspx
Message:System.Web.HttpException: DataBinding:“AnyWeb.AnyWeb_DL.Notice”不包含名为“ArtiCreateAt”的属性。
   在 System.Web.UI.DataBinder.GetPropertyValue(Object container, String propName)
   在 System.Web.UI.DataBinder.Eval(Object container, String[] expressionParts)
   在 System.Web.UI.DataBinder.Eval(Object container, String expression)
   在 System.Web.UI.DataBinder.Eval(Object container, String expression, String format)
   在 System.Web.UI.TemplateControl.Eval(String expression, String format)
   在 ASP.noticelist_aspx.__DataBind__control3(Object sender, EventArgs e) 位置 e:\Program Files\PROJECT\DOTNET\AnyWeb\Web\NoticeList.aspx:行号 18
   在 System.Web.UI.Control.OnDataBinding(EventArgs e)
   在 System.Web.UI.Control.DataBind(Boolean raiseOnDataBinding)
   在 System.Web.UI.Control.DataBind()
   在 System.Web.UI.Control.DataBindChildren()
   在 System.Web.UI.Control.DataBind(Boolean raiseOnDataBinding)
   在 System.Web.UI.Control.DataBind()
   在 System.Web.UI.WebControls.Repeater.CreateItem(Int32 itemIndex, ListItemType itemType, Boolean dataBind, Object dataItem)
   在 System.Web.UI.WebControls.Repeater.CreateControlHierarchy(Boolean useDataSource)
   在 System.Web.UI.WebControls.Repeater.OnDataBinding(EventArgs e)
   在 System.Web.UI.WebControls.Repeater.DataBind()
   在 NoticeList.OnPreRender(EventArgs e) 位置 e:\Program Files\PROJECT\DOTNET\AnyWeb\Web\NoticeList.aspx.cs:行号 19
   在 System.Web.UI.Control.PreRenderRecursiveInternal()
   在 System.Web.UI.Page.ProcessRequestMain(Boolean includeStagesBeforeAsyncPoint, Boolean includeStagesAfterAsyncPoint)


Time:2010-08-21 23:47:40
IP:::1
Url:http://localhost/tiny_mce/uploadprofile.aspx?type=rar,xls,doc,ppt
UrlRef:http://localhost:802/tiny_mce/plugins/profile/profile.htm
Message:System.Web.HttpException: 超过了最大请求长度。
   在 System.Web.HttpRequest.GetEntireRawContent()
   在 System.Web.HttpRequest.GetMultipartContent()
   在 System.Web.HttpRequest.FillInFormCollection()
   在 System.Web.HttpRequest.get_Form()
   在 System.Web.HttpRequest.get_HasForm()
   在 System.Web.UI.Page.GetCollectionBasedOnMethod(Boolean dontReturnNull)
   在 System.Web.UI.Page.DeterminePostBackMode()
   在 System.Web.UI.Page.ProcessRequestMain(Boolean includeStagesBeforeAsyncPoint, Boolean includeStagesAfterAsyncPoint)


Time:2010-08-22 00:02:05
IP:::1
Url:http://localhost/tiny_mce/uploadmedia.aspx?type=swf,rm,jpg,bmp,png
UrlRef:http://localhost:802/tiny_mce/plugins/media/media.htm
Message:System.Web.HttpException: 超过了最大请求长度。
   在 System.Web.HttpRequest.GetEntireRawContent()
   在 System.Web.HttpRequest.GetMultipartContent()
   在 System.Web.HttpRequest.FillInFormCollection()
   在 System.Web.HttpRequest.get_Form()
   在 System.Web.HttpRequest.get_HasForm()
   在 System.Web.UI.Page.GetCollectionBasedOnMethod(Boolean dontReturnNull)
   在 System.Web.UI.Page.DeterminePostBackMode()
   在 System.Web.UI.Page.ProcessRequestMain(Boolean includeStagesBeforeAsyncPoint, Boolean includeStagesAfterAsyncPoint)


Time:2010-08-22 00:02:13
IP:::1
Url:http://localhost/tiny_mce/uploadmedia.aspx?type=swf,rm,jpg,bmp,png
UrlRef:http://localhost:802/tiny_mce/plugins/media/media.htm
Message:System.Web.HttpException: 超过了最大请求长度。
   在 System.Web.HttpRequest.GetEntireRawContent()
   在 System.Web.HttpRequest.GetMultipartContent()
   在 System.Web.HttpRequest.FillInFormCollection()
   在 System.Web.HttpRequest.get_Form()
   在 System.Web.HttpRequest.get_HasForm()
   在 System.Web.UI.Page.GetCollectionBasedOnMethod(Boolean dontReturnNull)
   在 System.Web.UI.Page.DeterminePostBackMode()
   在 System.Web.UI.Page.ProcessRequestMain(Boolean includeStagesBeforeAsyncPoint, Boolean includeStagesAfterAsyncPoint)


Time:2010-08-22 00:28:13
IP:::1
Url:http://localhost/tiny_mce/uploadmedia.aspx?type=swf,rm,jpg,bmp,png
UrlRef:http://localhost:802/tiny_mce/plugins/media/media.htm
Message:System.Web.HttpException: 超过了最大请求长度。
   在 System.Web.HttpRequest.GetEntireRawContent()
   在 System.Web.HttpRequest.GetMultipartContent()
   在 System.Web.HttpRequest.FillInFormCollection()
   在 System.Web.HttpRequest.get_Form()
   在 System.Web.HttpRequest.get_HasForm()
   在 System.Web.UI.Page.GetCollectionBasedOnMethod(Boolean dontReturnNull)
   在 System.Web.UI.Page.DeterminePostBackMode()
   在 System.Web.UI.Page.ProcessRequestMain(Boolean includeStagesBeforeAsyncPoint, Boolean includeStagesAfterAsyncPoint)


Time:2010-08-22 00:29:12
IP:::1
Url:http://localhost/tiny_mce/uploadmedia.aspx?type=swf,rm,jpg,bmp,png
UrlRef:http://localhost:802/tiny_mce/plugins/media/media.htm
Message:System.Web.HttpException: 超过了最大请求长度。
   在 System.Web.HttpRequest.GetEntireRawContent()
   在 System.Web.HttpRequest.GetMultipartContent()
   在 System.Web.HttpRequest.FillInFormCollection()
   在 System.Web.HttpRequest.get_Form()
   在 System.Web.HttpRequest.get_HasForm()
   在 System.Web.UI.Page.GetCollectionBasedOnMethod(Boolean dontReturnNull)
   在 System.Web.UI.Page.DeterminePostBackMode()
   在 System.Web.UI.Page.ProcessRequestMain(Boolean includeStagesBeforeAsyncPoint, Boolean includeStagesAfterAsyncPoint)


Time:2010-08-22 00:29:31
IP:::1
Url:http://localhost/tiny_mce/uploadmedia.aspx?type=swf,rm,jpg,bmp,png
UrlRef:http://localhost:802/tiny_mce/plugins/media/media.htm
Message:System.Web.HttpException: 超过了最大请求长度。
   在 System.Web.HttpRequest.GetEntireRawContent()
   在 System.Web.HttpRequest.GetMultipartContent()
   在 System.Web.HttpRequest.FillInFormCollection()
   在 System.Web.HttpRequest.get_Form()
   在 System.Web.HttpRequest.get_HasForm()
   在 System.Web.UI.Page.GetCollectionBasedOnMethod(Boolean dontReturnNull)
   在 System.Web.UI.Page.DeterminePostBackMode()
   在 System.Web.UI.Page.ProcessRequestMain(Boolean includeStagesBeforeAsyncPoint, Boolean includeStagesAfterAsyncPoint)


Time:2010-08-22 00:30:11
IP:::1
Url:http://localhost/tiny_mce/uploadmedia.aspx?type=swf,rm,jpg,bmp,png
UrlRef:http://localhost:802/tiny_mce/plugins/media/media.htm
Message:System.Web.HttpException: 超过了最大请求长度。
   在 System.Web.HttpRequest.GetEntireRawContent()
   在 System.Web.HttpRequest.GetMultipartContent()
   在 System.Web.HttpRequest.FillInFormCollection()
   在 System.Web.HttpRequest.get_Form()
   在 System.Web.HttpRequest.get_HasForm()
   在 System.Web.UI.Page.GetCollectionBasedOnMethod(Boolean dontReturnNull)
   在 System.Web.UI.Page.DeterminePostBackMode()
   在 System.Web.UI.Page.ProcessRequestMain(Boolean includeStagesBeforeAsyncPoint, Boolean includeStagesAfterAsyncPoint)


Time:2010-08-22 00:30:29
IP:::1
Url:http://localhost/tiny_mce/uploadmedia.aspx?type=swf,rm,jpg,bmp,png
UrlRef:http://localhost:802/tiny_mce/plugins/media/media.htm
Message:System.Web.HttpException: 超过了最大请求长度。
   在 System.Web.HttpRequest.GetEntireRawContent()
   在 System.Web.HttpRequest.GetMultipartContent()
   在 System.Web.HttpRequest.FillInFormCollection()
   在 System.Web.HttpRequest.get_Form()
   在 System.Web.HttpRequest.get_HasForm()
   在 System.Web.UI.Page.GetCollectionBasedOnMethod(Boolean dontReturnNull)
   在 System.Web.UI.Page.DeterminePostBackMode()
   在 System.Web.UI.Page.ProcessRequestMain(Boolean includeStagesBeforeAsyncPoint, Boolean includeStagesAfterAsyncPoint)


Time:2010-08-22 00:31:38
IP:::1
Url:http://localhost/tiny_mce/uploadmedia.aspx?type=swf,rm,jpg,bmp,png
UrlRef:http://localhost:802/tiny_mce/plugins/media/media.htm
Message:System.Web.HttpException: 超过了最大请求长度。
   在 System.Web.HttpRequest.GetEntireRawContent()
   在 System.Web.HttpRequest.GetMultipartContent()
   在 System.Web.HttpRequest.FillInFormCollection()
   在 System.Web.HttpRequest.get_Form()
   在 System.Web.HttpRequest.get_HasForm()
   在 System.Web.UI.Page.GetCollectionBasedOnMethod(Boolean dontReturnNull)
   在 System.Web.UI.Page.DeterminePostBackMode()
   在 System.Web.UI.Page.ProcessRequestMain(Boolean includeStagesBeforeAsyncPoint, Boolean includeStagesAfterAsyncPoint)


Time:2010-08-22 00:32:12
IP:::1
Url:http://localhost/tiny_mce/uploadmedia.aspx?type=swf,rm,jpg,bmp,png
UrlRef:http://localhost:802/tiny_mce/plugins/media/media.htm
Message:System.Web.HttpException: 超过了最大请求长度。
   在 System.Web.HttpRequest.GetEntireRawContent()
   在 System.Web.HttpRequest.GetMultipartContent()
   在 System.Web.HttpRequest.FillInFormCollection()
   在 System.Web.HttpRequest.get_Form()
   在 System.Web.HttpRequest.get_HasForm()
   在 System.Web.UI.Page.GetCollectionBasedOnMethod(Boolean dontReturnNull)
   在 System.Web.UI.Page.DeterminePostBackMode()
   在 System.Web.UI.Page.ProcessRequestMain(Boolean includeStagesBeforeAsyncPoint, Boolean includeStagesAfterAsyncPoint)


Time:2010-08-22 00:33:36
IP:::1
Url:http://localhost/tiny_mce/uploadmedia.aspx?type=swf,rm,jpg,bmp,png
UrlRef:http://localhost:802/tiny_mce/plugins/media/media.htm
Message:System.Web.HttpException: 超过了最大请求长度。
   在 System.Web.HttpRequest.GetEntireRawContent()
   在 System.Web.HttpRequest.GetMultipartContent()
   在 System.Web.HttpRequest.FillInFormCollection()
   在 System.Web.HttpRequest.get_Form()
   在 System.Web.HttpRequest.get_HasForm()
   在 System.Web.UI.Page.GetCollectionBasedOnMethod(Boolean dontReturnNull)
   在 System.Web.UI.Page.DeterminePostBackMode()
   在 System.Web.UI.Page.ProcessRequestMain(Boolean includeStagesBeforeAsyncPoint, Boolean includeStagesAfterAsyncPoint)


Time:2010-08-22 00:34:01
IP:::1
Url:http://localhost/tiny_mce/uploadmedia.aspx?type=swf,rm,jpg,bmp,png
UrlRef:http://localhost:802/tiny_mce/plugins/media/media.htm
Message:System.Web.HttpException: 超过了最大请求长度。
   在 System.Web.HttpRequest.GetEntireRawContent()
   在 System.Web.HttpRequest.GetMultipartContent()
   在 System.Web.HttpRequest.FillInFormCollection()
   在 System.Web.HttpRequest.get_Form()
   在 System.Web.HttpRequest.get_HasForm()
   在 System.Web.UI.Page.GetCollectionBasedOnMethod(Boolean dontReturnNull)
   在 System.Web.UI.Page.DeterminePostBackMode()
   在 System.Web.UI.Page.ProcessRequestMain(Boolean includeStagesBeforeAsyncPoint, Boolean includeStagesAfterAsyncPoint)


Time:2010-08-22 00:34:05
IP:::1
Url:http://localhost/tiny_mce/uploadmedia.aspx?type=swf,rm,jpg,bmp,png
UrlRef:http://localhost:802/tiny_mce/plugins/media/media.htm
Message:System.Web.HttpException: 超过了最大请求长度。
   在 System.Web.HttpRequest.GetEntireRawContent()
   在 System.Web.HttpRequest.GetMultipartContent()
   在 System.Web.HttpRequest.FillInFormCollection()
   在 System.Web.HttpRequest.get_Form()
   在 System.Web.HttpRequest.get_HasForm()
   在 System.Web.UI.Page.GetCollectionBasedOnMethod(Boolean dontReturnNull)
   在 System.Web.UI.Page.DeterminePostBackMode()
   在 System.Web.UI.Page.ProcessRequestMain(Boolean includeStagesBeforeAsyncPoint, Boolean includeStagesAfterAsyncPoint)


Time:2010-08-22 00:35:01
IP:::1
Url:http://localhost/tiny_mce/uploadmedia.aspx?type=swf,rm,jpg,bmp,png
UrlRef:http://localhost:802/tiny_mce/plugins/media/media.htm
Message:System.Web.HttpException: 超过了最大请求长度。
   在 System.Web.HttpRequest.GetEntireRawContent()
   在 System.Web.HttpRequest.GetMultipartContent()
   在 System.Web.HttpRequest.FillInFormCollection()
   在 System.Web.HttpRequest.get_Form()
   在 System.Web.HttpRequest.get_HasForm()
   在 System.Web.UI.Page.GetCollectionBasedOnMethod(Boolean dontReturnNull)
   在 System.Web.UI.Page.DeterminePostBackMode()
   在 System.Web.UI.Page.ProcessRequestMain(Boolean includeStagesBeforeAsyncPoint, Boolean includeStagesAfterAsyncPoint)


Time:2010-08-22 00:35:50
IP:::1
Url:http://localhost/tiny_mce/uploadmedia.aspx?type=swf,rm,jpg,bmp,png
UrlRef:http://localhost:802/tiny_mce/plugins/media/media.htm
Message:System.Web.HttpException: 超过了最大请求长度。
   在 System.Web.HttpRequest.GetEntireRawContent()
   在 System.Web.HttpRequest.GetMultipartContent()
   在 System.Web.HttpRequest.FillInFormCollection()
   在 System.Web.HttpRequest.get_Form()
   在 System.Web.HttpRequest.get_HasForm()
   在 System.Web.UI.Page.GetCollectionBasedOnMethod(Boolean dontReturnNull)
   在 System.Web.UI.Page.DeterminePostBackMode()
   在 System.Web.UI.Page.ProcessRequestMain(Boolean includeStagesBeforeAsyncPoint, Boolean includeStagesAfterAsyncPoint)


Time:2010-08-22 00:40:23
IP:::1
Url:http://localhost/tiny_mce/uploadmedia.aspx?type=swf,rm,jpg,bmp,png
UrlRef:http://localhost:802/tiny_mce/plugins/media/media.htm
Message:System.Web.HttpException: 超过了最大请求长度。
   在 System.Web.HttpRequest.GetEntireRawContent()
   在 System.Web.HttpRequest.GetMultipartContent()
   在 System.Web.HttpRequest.FillInFormCollection()
   在 System.Web.HttpRequest.get_Form()
   在 System.Web.HttpRequest.get_HasForm()
   在 System.Web.UI.Page.GetCollectionBasedOnMethod(Boolean dontReturnNull)
   在 System.Web.UI.Page.DeterminePostBackMode()
   在 System.Web.UI.Page.ProcessRequestMain(Boolean includeStagesBeforeAsyncPoint, Boolean includeStagesAfterAsyncPoint)


Time:2010-08-22 00:40:38
IP:::1
Url:http://localhost/tiny_mce/uploadmedia.aspx?type=swf,rm,jpg,bmp,png
UrlRef:http://localhost:802/tiny_mce/plugins/media/media.htm
Message:System.Web.HttpException: 超过了最大请求长度。
   在 System.Web.HttpRequest.GetEntireRawContent()
   在 System.Web.HttpRequest.GetMultipartContent()
   在 System.Web.HttpRequest.FillInFormCollection()
   在 System.Web.HttpRequest.get_Form()
   在 System.Web.HttpRequest.get_HasForm()
   在 System.Web.UI.Page.GetCollectionBasedOnMethod(Boolean dontReturnNull)
   在 System.Web.UI.Page.DeterminePostBackMode()
   在 System.Web.UI.Page.ProcessRequestMain(Boolean includeStagesBeforeAsyncPoint, Boolean includeStagesAfterAsyncPoint)


Time:2010-08-22 00:41:04
IP:::1
Url:http://localhost/tiny_mce/uploadmedia.aspx?type=swf,rm,jpg,bmp,png
UrlRef:http://localhost:802/tiny_mce/plugins/media/media.htm
Message:System.Web.HttpException: 超过了最大请求长度。
   在 System.Web.HttpRequest.GetEntireRawContent()
   在 System.Web.HttpRequest.GetMultipartContent()
   在 System.Web.HttpRequest.FillInFormCollection()
   在 System.Web.HttpRequest.get_Form()
   在 System.Web.HttpRequest.get_HasForm()
   在 System.Web.UI.Page.GetCollectionBasedOnMethod(Boolean dontReturnNull)
   在 System.Web.UI.Page.DeterminePostBackMode()
   在 System.Web.UI.Page.ProcessRequestMain(Boolean includeStagesBeforeAsyncPoint, Boolean includeStagesAfterAsyncPoint)


Time:2010-08-22 00:43:15
IP:::1
Url:http://localhost/tiny_mce/uploadmedia.aspx?type=swf,rm,jpg,bmp,png
UrlRef:http://localhost:802/tiny_mce/plugins/media/media.htm
Message:System.Web.HttpException: 超过了最大请求长度。
   在 System.Web.HttpRequest.GetEntireRawContent()
   在 System.Web.HttpRequest.GetMultipartContent()
   在 System.Web.HttpRequest.FillInFormCollection()
   在 System.Web.HttpRequest.get_Form()
   在 System.Web.HttpRequest.get_HasForm()
   在 System.Web.UI.Page.GetCollectionBasedOnMethod(Boolean dontReturnNull)
   在 System.Web.UI.Page.DeterminePostBackMode()
   在 System.Web.UI.Page.ProcessRequestMain(Boolean includeStagesBeforeAsyncPoint, Boolean includeStagesAfterAsyncPoint)


Time:2010-08-22 00:44:21
IP:::1
Url:http://localhost/tiny_mce/uploadmedia.aspx?type=swf,rm,jpg,bmp,png
UrlRef:http://localhost:802/tiny_mce/plugins/media/media.htm
Message:System.Web.HttpException: 超过了最大请求长度。
   在 System.Web.HttpRequest.GetEntireRawContent()
   在 System.Web.HttpRequest.GetMultipartContent()
   在 System.Web.HttpRequest.FillInFormCollection()
   在 System.Web.HttpRequest.get_Form()
   在 System.Web.HttpRequest.get_HasForm()
   在 System.Web.UI.Page.GetCollectionBasedOnMethod(Boolean dontReturnNull)
   在 System.Web.UI.Page.DeterminePostBackMode()
   在 System.Web.UI.Page.ProcessRequestMain(Boolean includeStagesBeforeAsyncPoint, Boolean includeStagesAfterAsyncPoint)


Time:2010-08-22 00:46:13
IP:::1
Url:http://localhost/tiny_mce/uploadmedia.aspx?type=swf,rm,jpg,bmp,png
UrlRef:http://localhost:802/tiny_mce/plugins/media/media.htm
Message:System.Web.HttpException: 超过了最大请求长度。
   在 System.Web.HttpRequest.GetEntireRawContent()
   在 System.Web.HttpRequest.GetMultipartContent()
   在 System.Web.HttpRequest.FillInFormCollection()
   在 System.Web.HttpRequest.get_Form()
   在 System.Web.HttpRequest.get_HasForm()
   在 System.Web.UI.Page.GetCollectionBasedOnMethod(Boolean dontReturnNull)
   在 System.Web.UI.Page.DeterminePostBackMode()
   在 System.Web.UI.Page.ProcessRequestMain(Boolean includeStagesBeforeAsyncPoint, Boolean includeStagesAfterAsyncPoint)


Time:2010-08-22 00:47:18
IP:::1
Url:http://localhost/tiny_mce/uploadmedia.aspx?type=swf,rm,jpg,bmp,png
UrlRef:http://localhost:802/tiny_mce/plugins/media/media.htm
Message:System.Web.HttpException: 超过了最大请求长度。
   在 System.Web.HttpRequest.GetEntireRawContent()
   在 System.Web.HttpRequest.GetMultipartContent()
   在 System.Web.HttpRequest.FillInFormCollection()
   在 System.Web.HttpRequest.get_Form()
   在 System.Web.HttpRequest.get_HasForm()
   在 System.Web.UI.Page.GetCollectionBasedOnMethod(Boolean dontReturnNull)
   在 System.Web.UI.Page.DeterminePostBackMode()
   在 System.Web.UI.Page.ProcessRequestMain(Boolean includeStagesBeforeAsyncPoint, Boolean includeStagesAfterAsyncPoint)


Time:2010-08-22 00:47:24
IP:::1
Url:http://localhost/tiny_mce/uploadmedia.aspx?type=swf,rm,jpg,bmp,png
UrlRef:http://localhost:802/tiny_mce/plugins/media/media.htm
Message:System.Web.HttpException: 超过了最大请求长度。
   在 System.Web.HttpRequest.GetEntireRawContent()
   在 System.Web.HttpRequest.GetMultipartContent()
   在 System.Web.HttpRequest.FillInFormCollection()
   在 System.Web.HttpRequest.get_Form()
   在 System.Web.HttpRequest.get_HasForm()
   在 System.Web.UI.Page.GetCollectionBasedOnMethod(Boolean dontReturnNull)
   在 System.Web.UI.Page.DeterminePostBackMode()
   在 System.Web.UI.Page.ProcessRequestMain(Boolean includeStagesBeforeAsyncPoint, Boolean includeStagesAfterAsyncPoint)


Time:2010-08-22 00:48:19
IP:::1
Url:http://localhost/tiny_mce/uploadmedia.aspx?type=swf,rm,jpg,bmp,png
UrlRef:http://localhost:802/tiny_mce/plugins/media/media.htm
Message:System.Web.HttpException: 超过了最大请求长度。
   在 System.Web.HttpRequest.GetEntireRawContent()
   在 System.Web.HttpRequest.GetMultipartContent()
   在 System.Web.HttpRequest.FillInFormCollection()
   在 System.Web.HttpRequest.get_Form()
   在 System.Web.HttpRequest.get_HasForm()
   在 System.Web.UI.Page.GetCollectionBasedOnMethod(Boolean dontReturnNull)
   在 System.Web.UI.Page.DeterminePostBackMode()
   在 System.Web.UI.Page.ProcessRequestMain(Boolean includeStagesBeforeAsyncPoint, Boolean includeStagesAfterAsyncPoint)


Time:2010-08-22 00:49:11
IP:::1
Url:http://localhost/tiny_mce/uploadmedia.aspx?type=swf,rm,jpg,bmp,png
UrlRef:http://localhost:802/tiny_mce/plugins/media/media.htm
Message:System.Web.HttpException: 超过了最大请求长度。
   在 System.Web.HttpRequest.GetEntireRawContent()
   在 System.Web.HttpRequest.GetMultipartContent()
   在 System.Web.HttpRequest.FillInFormCollection()
   在 System.Web.HttpRequest.get_Form()
   在 System.Web.HttpRequest.get_HasForm()
   在 System.Web.UI.Page.GetCollectionBasedOnMethod(Boolean dontReturnNull)
   在 System.Web.UI.Page.DeterminePostBackMode()
   在 System.Web.UI.Page.ProcessRequestMain(Boolean includeStagesBeforeAsyncPoint, Boolean includeStagesAfterAsyncPoint)


Time:2010-08-22 00:49:36
IP:::1
Url:http://localhost/tiny_mce/uploadmedia.aspx?type=swf,rm,jpg,bmp,png
UrlRef:http://localhost:802/tiny_mce/plugins/media/media.htm
Message:System.Web.HttpException: 超过了最大请求长度。
   在 System.Web.HttpRequest.GetEntireRawContent()
   在 System.Web.HttpRequest.GetMultipartContent()
   在 System.Web.HttpRequest.FillInFormCollection()
   在 System.Web.HttpRequest.get_Form()
   在 System.Web.HttpRequest.get_HasForm()
   在 System.Web.UI.Page.GetCollectionBasedOnMethod(Boolean dontReturnNull)
   在 System.Web.UI.Page.DeterminePostBackMode()
   在 System.Web.UI.Page.ProcessRequestMain(Boolean includeStagesBeforeAsyncPoint, Boolean includeStagesAfterAsyncPoint)


Time:2010-08-22 00:50:05
IP:::1
Url:http://localhost/tiny_mce/uploadmedia.aspx?type=swf,rm,jpg,bmp,png
UrlRef:http://localhost:802/tiny_mce/plugins/media/media.htm
Message:System.Web.HttpException: 超过了最大请求长度。
   在 System.Web.HttpRequest.GetEntireRawContent()
   在 System.Web.HttpRequest.GetMultipartContent()
   在 System.Web.HttpRequest.FillInFormCollection()
   在 System.Web.HttpRequest.get_Form()
   在 System.Web.HttpRequest.get_HasForm()
   在 System.Web.UI.Page.GetCollectionBasedOnMethod(Boolean dontReturnNull)
   在 System.Web.UI.Page.DeterminePostBackMode()
   在 System.Web.UI.Page.ProcessRequestMain(Boolean includeStagesBeforeAsyncPoint, Boolean includeStagesAfterAsyncPoint)


Time:2010-08-22 00:51:17
IP:::1
Url:http://localhost/tiny_mce/uploadmedia.aspx?type=swf,rm,jpg,bmp,png
UrlRef:http://localhost:802/tiny_mce/plugins/media/media.htm
Message:System.Web.HttpException: 超过了最大请求长度。
   在 System.Web.HttpRequest.GetEntireRawContent()
   在 System.Web.HttpRequest.GetMultipartContent()
   在 System.Web.HttpRequest.FillInFormCollection()
   在 System.Web.HttpRequest.get_Form()
   在 System.Web.HttpRequest.get_HasForm()
   在 System.Web.UI.Page.GetCollectionBasedOnMethod(Boolean dontReturnNull)
   在 System.Web.UI.Page.DeterminePostBackMode()
   在 System.Web.UI.Page.ProcessRequestMain(Boolean includeStagesBeforeAsyncPoint, Boolean includeStagesAfterAsyncPoint)


Time:2010-08-22 00:52:02
IP:::1
Url:http://localhost/tiny_mce/uploadmedia.aspx?type=swf,rm,jpg,bmp,png
UrlRef:http://localhost:802/tiny_mce/plugins/media/media.htm
Message:System.Web.HttpException: 超过了最大请求长度。
   在 System.Web.HttpRequest.GetEntireRawContent()
   在 System.Web.HttpRequest.GetMultipartContent()
   在 System.Web.HttpRequest.FillInFormCollection()
   在 System.Web.HttpRequest.get_Form()
   在 System.Web.HttpRequest.get_HasForm()
   在 System.Web.UI.Page.GetCollectionBasedOnMethod(Boolean dontReturnNull)
   在 System.Web.UI.Page.DeterminePostBackMode()
   在 System.Web.UI.Page.ProcessRequestMain(Boolean includeStagesBeforeAsyncPoint, Boolean includeStagesAfterAsyncPoint)


Time:2010-08-22 00:52:09
IP:::1
Url:http://localhost/tiny_mce/uploadmedia.aspx?type=swf,rm,jpg,bmp,png
UrlRef:http://localhost:802/tiny_mce/plugins/media/media.htm
Message:System.Web.HttpException: 超过了最大请求长度。
   在 System.Web.HttpRequest.GetEntireRawContent()
   在 System.Web.HttpRequest.GetMultipartContent()
   在 System.Web.HttpRequest.FillInFormCollection()
   在 System.Web.HttpRequest.get_Form()
   在 System.Web.HttpRequest.get_HasForm()
   在 System.Web.UI.Page.GetCollectionBasedOnMethod(Boolean dontReturnNull)
   在 System.Web.UI.Page.DeterminePostBackMode()
   在 System.Web.UI.Page.ProcessRequestMain(Boolean includeStagesBeforeAsyncPoint, Boolean includeStagesAfterAsyncPoint)


Time:2010-08-22 00:52:10
IP:::1
Url:http://localhost/tiny_mce/uploadmedia.aspx?type=swf,rm,jpg,bmp,png
UrlRef:http://localhost:802/tiny_mce/plugins/media/media.htm
Message:System.Web.HttpException: 超过了最大请求长度。
   在 System.Web.HttpRequest.GetEntireRawContent()
   在 System.Web.HttpRequest.GetMultipartContent()
   在 System.Web.HttpRequest.FillInFormCollection()
   在 System.Web.HttpRequest.get_Form()
   在 System.Web.HttpRequest.get_HasForm()
   在 System.Web.UI.Page.GetCollectionBasedOnMethod(Boolean dontReturnNull)
   在 System.Web.UI.Page.DeterminePostBackMode()
   在 System.Web.UI.Page.ProcessRequestMain(Boolean includeStagesBeforeAsyncPoint, Boolean includeStagesAfterAsyncPoint)


Time:2010-08-22 00:52:11
IP:::1
Url:http://localhost/tiny_mce/uploadmedia.aspx?type=swf,rm,jpg,bmp,png
UrlRef:http://localhost:802/tiny_mce/plugins/media/media.htm
Message:System.Web.HttpException: 超过了最大请求长度。
   在 System.Web.HttpRequest.GetEntireRawContent()
   在 System.Web.HttpRequest.GetMultipartContent()
   在 System.Web.HttpRequest.FillInFormCollection()
   在 System.Web.HttpRequest.get_Form()
   在 System.Web.HttpRequest.get_HasForm()
   在 System.Web.UI.Page.GetCollectionBasedOnMethod(Boolean dontReturnNull)
   在 System.Web.UI.Page.DeterminePostBackMode()
   在 System.Web.UI.Page.ProcessRequestMain(Boolean includeStagesBeforeAsyncPoint, Boolean includeStagesAfterAsyncPoint)


Time:2010-08-22 00:52:12
IP:::1
Url:http://localhost/tiny_mce/uploadmedia.aspx?type=swf,rm,jpg,bmp,png
UrlRef:http://localhost:802/tiny_mce/plugins/media/media.htm
Message:System.Web.HttpException: 超过了最大请求长度。
   在 System.Web.HttpRequest.GetEntireRawContent()
   在 System.Web.HttpRequest.GetMultipartContent()
   在 System.Web.HttpRequest.FillInFormCollection()
   在 System.Web.HttpRequest.get_Form()
   在 System.Web.HttpRequest.get_HasForm()
   在 System.Web.UI.Page.GetCollectionBasedOnMethod(Boolean dontReturnNull)
   在 System.Web.UI.Page.DeterminePostBackMode()
   在 System.Web.UI.Page.ProcessRequestMain(Boolean includeStagesBeforeAsyncPoint, Boolean includeStagesAfterAsyncPoint)


Time:2010-08-22 00:52:23
IP:::1
Url:http://localhost/tiny_mce/uploadmedia.aspx?type=swf,rm,jpg,bmp,png
UrlRef:http://localhost:802/tiny_mce/plugins/media/media.htm
Message:System.Web.HttpException: 超过了最大请求长度。
   在 System.Web.HttpRequest.GetEntireRawContent()
   在 System.Web.HttpRequest.GetMultipartContent()
   在 System.Web.HttpRequest.FillInFormCollection()
   在 System.Web.HttpRequest.get_Form()
   在 System.Web.HttpRequest.get_HasForm()
   在 System.Web.UI.Page.GetCollectionBasedOnMethod(Boolean dontReturnNull)
   在 System.Web.UI.Page.DeterminePostBackMode()
   在 System.Web.UI.Page.ProcessRequestMain(Boolean includeStagesBeforeAsyncPoint, Boolean includeStagesAfterAsyncPoint)


Time:2010-08-22 00:53:15
IP:::1
Url:http://localhost/tiny_mce/uploadmedia.aspx?type=swf,rm,jpg,bmp,png
UrlRef:http://localhost:802/tiny_mce/plugins/media/media.htm
Message:System.Web.HttpException: 超过了最大请求长度。
   在 System.Web.HttpRequest.GetEntireRawContent()
   在 System.Web.HttpRequest.GetMultipartContent()
   在 System.Web.HttpRequest.FillInFormCollection()
   在 System.Web.HttpRequest.get_Form()
   在 System.Web.HttpRequest.get_HasForm()
   在 System.Web.UI.Page.GetCollectionBasedOnMethod(Boolean dontReturnNull)
   在 System.Web.UI.Page.DeterminePostBackMode()
   在 System.Web.UI.Page.ProcessRequestMain(Boolean includeStagesBeforeAsyncPoint, Boolean includeStagesAfterAsyncPoint)


Time:2010-08-22 00:53:23
IP:::1
Url:http://localhost/tiny_mce/uploadmedia.aspx?type=swf,rm,jpg,bmp,png
UrlRef:http://localhost:802/tiny_mce/plugins/media/media.htm
Message:System.Web.HttpException: 超过了最大请求长度。
   在 System.Web.HttpRequest.GetEntireRawContent()
   在 System.Web.HttpRequest.GetMultipartContent()
   在 System.Web.HttpRequest.FillInFormCollection()
   在 System.Web.HttpRequest.get_Form()
   在 System.Web.HttpRequest.get_HasForm()
   在 System.Web.UI.Page.GetCollectionBasedOnMethod(Boolean dontReturnNull)
   在 System.Web.UI.Page.DeterminePostBackMode()
   在 System.Web.UI.Page.ProcessRequestMain(Boolean includeStagesBeforeAsyncPoint, Boolean includeStagesAfterAsyncPoint)


Time:2010-08-22 00:53:27
IP:::1
Url:http://localhost/tiny_mce/uploadmedia.aspx?type=swf,rm,jpg,bmp,png
UrlRef:http://localhost:802/tiny_mce/plugins/media/media.htm
Message:System.Web.HttpException: 超过了最大请求长度。
   在 System.Web.HttpRequest.GetEntireRawContent()
   在 System.Web.HttpRequest.GetMultipartContent()
   在 System.Web.HttpRequest.FillInFormCollection()
   在 System.Web.HttpRequest.get_Form()
   在 System.Web.HttpRequest.get_HasForm()
   在 System.Web.UI.Page.GetCollectionBasedOnMethod(Boolean dontReturnNull)
   在 System.Web.UI.Page.DeterminePostBackMode()
   在 System.Web.UI.Page.ProcessRequestMain(Boolean includeStagesBeforeAsyncPoint, Boolean includeStagesAfterAsyncPoint)


Time:2010-08-22 00:53:34
IP:::1
Url:http://localhost/tiny_mce/uploadmedia.aspx?type=swf,rm,jpg,bmp,png
UrlRef:http://localhost:802/tiny_mce/plugins/media/media.htm
Message:System.Web.HttpException: 超过了最大请求长度。
   在 System.Web.HttpRequest.GetEntireRawContent()
   在 System.Web.HttpRequest.GetMultipartContent()
   在 System.Web.HttpRequest.FillInFormCollection()
   在 System.Web.HttpRequest.get_Form()
   在 System.Web.HttpRequest.get_HasForm()
   在 System.Web.UI.Page.GetCollectionBasedOnMethod(Boolean dontReturnNull)
   在 System.Web.UI.Page.DeterminePostBackMode()
   在 System.Web.UI.Page.ProcessRequestMain(Boolean includeStagesBeforeAsyncPoint, Boolean includeStagesAfterAsyncPoint)


Time:2010-08-22 00:55:25
IP:::1
Url:http://localhost/tiny_mce/uploadmedia.aspx?type=swf,rm,jpg,bmp,png
UrlRef:http://localhost:802/tiny_mce/plugins/media/media.htm
Message:System.Web.HttpException: 超过了最大请求长度。
   在 System.Web.HttpRequest.GetEntireRawContent()
   在 System.Web.HttpRequest.GetMultipartContent()
   在 System.Web.HttpRequest.FillInFormCollection()
   在 System.Web.HttpRequest.get_Form()
   在 System.Web.HttpRequest.get_HasForm()
   在 System.Web.UI.Page.GetCollectionBasedOnMethod(Boolean dontReturnNull)
   在 System.Web.UI.Page.DeterminePostBackMode()
   在 System.Web.UI.Page.ProcessRequestMain(Boolean includeStagesBeforeAsyncPoint, Boolean includeStagesAfterAsyncPoint)


Time:2010-08-22 00:55:26
IP:::1
Url:http://localhost/tiny_mce/uploadmedia.aspx?type=swf,rm,jpg,bmp,png
UrlRef:http://localhost:802/tiny_mce/plugins/media/media.htm
Message:System.Web.HttpException: 超过了最大请求长度。
   在 System.Web.HttpRequest.GetEntireRawContent()
   在 System.Web.HttpRequest.GetMultipartContent()
   在 System.Web.HttpRequest.FillInFormCollection()
   在 System.Web.HttpRequest.get_Form()
   在 System.Web.HttpRequest.get_HasForm()
   在 System.Web.UI.Page.GetCollectionBasedOnMethod(Boolean dontReturnNull)
   在 System.Web.UI.Page.DeterminePostBackMode()
   在 System.Web.UI.Page.ProcessRequestMain(Boolean includeStagesBeforeAsyncPoint, Boolean includeStagesAfterAsyncPoint)


Time:2010-08-22 00:55:46
IP:::1
Url:http://localhost/tiny_mce/uploadmedia.aspx?type=swf,rm,jpg,bmp,png
UrlRef:http://localhost:802/tiny_mce/plugins/media/media.htm
Message:System.Web.HttpException: 超过了最大请求长度。
   在 System.Web.HttpRequest.GetEntireRawContent()
   在 System.Web.HttpRequest.GetMultipartContent()
   在 System.Web.HttpRequest.FillInFormCollection()
   在 System.Web.HttpRequest.get_Form()
   在 System.Web.HttpRequest.get_HasForm()
   在 System.Web.UI.Page.GetCollectionBasedOnMethod(Boolean dontReturnNull)
   在 System.Web.UI.Page.DeterminePostBackMode()
   在 System.Web.UI.Page.ProcessRequestMain(Boolean includeStagesBeforeAsyncPoint, Boolean includeStagesAfterAsyncPoint)


Time:2010-08-22 00:55:48
IP:::1
Url:http://localhost/tiny_mce/uploadmedia.aspx?type=swf,rm,jpg,bmp,png
UrlRef:http://localhost:802/tiny_mce/plugins/media/media.htm
Message:System.Web.HttpException: 超过了最大请求长度。
   在 System.Web.HttpRequest.GetEntireRawContent()
   在 System.Web.HttpRequest.GetMultipartContent()
   在 System.Web.HttpRequest.FillInFormCollection()
   在 System.Web.HttpRequest.get_Form()
   在 System.Web.HttpRequest.get_HasForm()
   在 System.Web.UI.Page.GetCollectionBasedOnMethod(Boolean dontReturnNull)
   在 System.Web.UI.Page.DeterminePostBackMode()
   在 System.Web.UI.Page.ProcessRequestMain(Boolean includeStagesBeforeAsyncPoint, Boolean includeStagesAfterAsyncPoint)


Time:2010-08-22 00:55:48
IP:::1
Url:http://localhost/tiny_mce/uploadmedia.aspx?type=swf,rm,jpg,bmp,png
UrlRef:http://localhost:802/tiny_mce/plugins/media/media.htm
Message:System.Web.HttpException: 超过了最大请求长度。
   在 System.Web.HttpRequest.GetEntireRawContent()
   在 System.Web.HttpRequest.GetMultipartContent()
   在 System.Web.HttpRequest.FillInFormCollection()
   在 System.Web.HttpRequest.get_Form()
   在 System.Web.HttpRequest.get_HasForm()
   在 System.Web.UI.Page.GetCollectionBasedOnMethod(Boolean dontReturnNull)
   在 System.Web.UI.Page.DeterminePostBackMode()
   在 System.Web.UI.Page.ProcessRequestMain(Boolean includeStagesBeforeAsyncPoint, Boolean includeStagesAfterAsyncPoint)


Time:2010-08-22 00:55:48
IP:::1
Url:http://localhost/tiny_mce/uploadmedia.aspx?type=swf,rm,jpg,bmp,png
UrlRef:http://localhost:802/tiny_mce/plugins/media/media.htm
Message:System.Web.HttpException: 超过了最大请求长度。
   在 System.Web.HttpRequest.GetEntireRawContent()
   在 System.Web.HttpRequest.GetMultipartContent()
   在 System.Web.HttpRequest.FillInFormCollection()
   在 System.Web.HttpRequest.get_Form()
   在 System.Web.HttpRequest.get_HasForm()
   在 System.Web.UI.Page.GetCollectionBasedOnMethod(Boolean dontReturnNull)
   在 System.Web.UI.Page.DeterminePostBackMode()
   在 System.Web.UI.Page.ProcessRequestMain(Boolean includeStagesBeforeAsyncPoint, Boolean includeStagesAfterAsyncPoint)


Time:2010-08-22 00:55:48
IP:::1
Url:http://localhost/tiny_mce/uploadmedia.aspx?type=swf,rm,jpg,bmp,png
UrlRef:http://localhost:802/tiny_mce/plugins/media/media.htm
Message:System.Web.HttpException: 超过了最大请求长度。
   在 System.Web.HttpRequest.GetEntireRawContent()
   在 System.Web.HttpRequest.GetMultipartContent()
   在 System.Web.HttpRequest.FillInFormCollection()
   在 System.Web.HttpRequest.get_Form()
   在 System.Web.HttpRequest.get_HasForm()
   在 System.Web.UI.Page.GetCollectionBasedOnMethod(Boolean dontReturnNull)
   在 System.Web.UI.Page.DeterminePostBackMode()
   在 System.Web.UI.Page.ProcessRequestMain(Boolean includeStagesBeforeAsyncPoint, Boolean includeStagesAfterAsyncPoint)


Time:2010-08-22 00:55:49
IP:::1
Url:http://localhost/tiny_mce/uploadmedia.aspx?type=swf,rm,jpg,bmp,png
UrlRef:http://localhost:802/tiny_mce/plugins/media/media.htm
Message:System.Web.HttpException: 超过了最大请求长度。
   在 System.Web.HttpRequest.GetEntireRawContent()
   在 System.Web.HttpRequest.GetMultipartContent()
   在 System.Web.HttpRequest.FillInFormCollection()
   在 System.Web.HttpRequest.get_Form()
   在 System.Web.HttpRequest.get_HasForm()
   在 System.Web.UI.Page.GetCollectionBasedOnMethod(Boolean dontReturnNull)
   在 System.Web.UI.Page.DeterminePostBackMode()
   在 System.Web.UI.Page.ProcessRequestMain(Boolean includeStagesBeforeAsyncPoint, Boolean includeStagesAfterAsyncPoint)


Time:2010-08-22 00:55:49
IP:::1
Url:http://localhost/tiny_mce/uploadmedia.aspx?type=swf,rm,jpg,bmp,png
UrlRef:http://localhost:802/tiny_mce/plugins/media/media.htm
Message:System.Web.HttpException: 超过了最大请求长度。
   在 System.Web.HttpRequest.GetEntireRawContent()
   在 System.Web.HttpRequest.GetMultipartContent()
   在 System.Web.HttpRequest.FillInFormCollection()
   在 System.Web.HttpRequest.get_Form()
   在 System.Web.HttpRequest.get_HasForm()
   在 System.Web.UI.Page.GetCollectionBasedOnMethod(Boolean dontReturnNull)
   在 System.Web.UI.Page.DeterminePostBackMode()
   在 System.Web.UI.Page.ProcessRequestMain(Boolean includeStagesBeforeAsyncPoint, Boolean includeStagesAfterAsyncPoint)


Time:2010-08-22 00:55:49
IP:::1
Url:http://localhost/tiny_mce/uploadmedia.aspx?type=swf,rm,jpg,bmp,png
UrlRef:http://localhost:802/tiny_mce/plugins/media/media.htm
Message:System.Web.HttpException: 超过了最大请求长度。
   在 System.Web.HttpRequest.GetEntireRawContent()
   在 System.Web.HttpRequest.GetMultipartContent()
   在 System.Web.HttpRequest.FillInFormCollection()
   在 System.Web.HttpRequest.get_Form()
   在 System.Web.HttpRequest.get_HasForm()
   在 System.Web.UI.Page.GetCollectionBasedOnMethod(Boolean dontReturnNull)
   在 System.Web.UI.Page.DeterminePostBackMode()
   在 System.Web.UI.Page.ProcessRequestMain(Boolean includeStagesBeforeAsyncPoint, Boolean includeStagesAfterAsyncPoint)


Time:2010-08-22 00:55:50
IP:::1
Url:http://localhost/tiny_mce/uploadmedia.aspx?type=swf,rm,jpg,bmp,png
UrlRef:http://localhost:802/tiny_mce/plugins/media/media.htm
Message:System.Web.HttpException: 超过了最大请求长度。
   在 System.Web.HttpRequest.GetEntireRawContent()
   在 System.Web.HttpRequest.GetMultipartContent()
   在 System.Web.HttpRequest.FillInFormCollection()
   在 System.Web.HttpRequest.get_Form()
   在 System.Web.HttpRequest.get_HasForm()
   在 System.Web.UI.Page.GetCollectionBasedOnMethod(Boolean dontReturnNull)
   在 System.Web.UI.Page.DeterminePostBackMode()
   在 System.Web.UI.Page.ProcessRequestMain(Boolean includeStagesBeforeAsyncPoint, Boolean includeStagesAfterAsyncPoint)


Time:2010-08-22 00:55:50
IP:::1
Url:http://localhost/tiny_mce/uploadmedia.aspx?type=swf,rm,jpg,bmp,png
UrlRef:http://localhost:802/tiny_mce/plugins/media/media.htm
Message:System.Web.HttpException: 超过了最大请求长度。
   在 System.Web.HttpRequest.GetEntireRawContent()
   在 System.Web.HttpRequest.GetMultipartContent()
   在 System.Web.HttpRequest.FillInFormCollection()
   在 System.Web.HttpRequest.get_Form()
   在 System.Web.HttpRequest.get_HasForm()
   在 System.Web.UI.Page.GetCollectionBasedOnMethod(Boolean dontReturnNull)
   在 System.Web.UI.Page.DeterminePostBackMode()
   在 System.Web.UI.Page.ProcessRequestMain(Boolean includeStagesBeforeAsyncPoint, Boolean includeStagesAfterAsyncPoint)


Time:2010-08-22 00:55:50
IP:::1
Url:http://localhost/tiny_mce/uploadmedia.aspx?type=swf,rm,jpg,bmp,png
UrlRef:http://localhost:802/tiny_mce/plugins/media/media.htm
Message:System.Web.HttpException: 超过了最大请求长度。
   在 System.Web.HttpRequest.GetEntireRawContent()
   在 System.Web.HttpRequest.GetMultipartContent()
   在 System.Web.HttpRequest.FillInFormCollection()
   在 System.Web.HttpRequest.get_Form()
   在 System.Web.HttpRequest.get_HasForm()
   在 System.Web.UI.Page.GetCollectionBasedOnMethod(Boolean dontReturnNull)
   在 System.Web.UI.Page.DeterminePostBackMode()
   在 System.Web.UI.Page.ProcessRequestMain(Boolean includeStagesBeforeAsyncPoint, Boolean includeStagesAfterAsyncPoint)


Time:2010-08-22 00:55:51
IP:::1
Url:http://localhost/tiny_mce/uploadmedia.aspx?type=swf,rm,jpg,bmp,png
UrlRef:http://localhost:802/tiny_mce/plugins/media/media.htm
Message:System.Web.HttpException: 超过了最大请求长度。
   在 System.Web.HttpRequest.GetEntireRawContent()
   在 System.Web.HttpRequest.GetMultipartContent()
   在 System.Web.HttpRequest.FillInFormCollection()
   在 System.Web.HttpRequest.get_Form()
   在 System.Web.HttpRequest.get_HasForm()
   在 System.Web.UI.Page.GetCollectionBasedOnMethod(Boolean dontReturnNull)
   在 System.Web.UI.Page.DeterminePostBackMode()
   在 System.Web.UI.Page.ProcessRequestMain(Boolean includeStagesBeforeAsyncPoint, Boolean includeStagesAfterAsyncPoint)


Time:2010-08-22 00:55:51
IP:::1
Url:http://localhost/tiny_mce/uploadmedia.aspx?type=swf,rm,jpg,bmp,png
UrlRef:http://localhost:802/tiny_mce/plugins/media/media.htm
Message:System.Web.HttpException: 超过了最大请求长度。
   在 System.Web.HttpRequest.GetEntireRawContent()
   在 System.Web.HttpRequest.GetMultipartContent()
   在 System.Web.HttpRequest.FillInFormCollection()
   在 System.Web.HttpRequest.get_Form()
   在 System.Web.HttpRequest.get_HasForm()
   在 System.Web.UI.Page.GetCollectionBasedOnMethod(Boolean dontReturnNull)
   在 System.Web.UI.Page.DeterminePostBackMode()
   在 System.Web.UI.Page.ProcessRequestMain(Boolean includeStagesBeforeAsyncPoint, Boolean includeStagesAfterAsyncPoint)


Time:2010-08-22 00:55:51
IP:::1
Url:http://localhost/tiny_mce/uploadmedia.aspx?type=swf,rm,jpg,bmp,png
UrlRef:http://localhost:802/tiny_mce/plugins/media/media.htm
Message:System.Web.HttpException: 超过了最大请求长度。
   在 System.Web.HttpRequest.GetEntireRawContent()
   在 System.Web.HttpRequest.GetMultipartContent()
   在 System.Web.HttpRequest.FillInFormCollection()
   在 System.Web.HttpRequest.get_Form()
   在 System.Web.HttpRequest.get_HasForm()
   在 System.Web.UI.Page.GetCollectionBasedOnMethod(Boolean dontReturnNull)
   在 System.Web.UI.Page.DeterminePostBackMode()
   在 System.Web.UI.Page.ProcessRequestMain(Boolean includeStagesBeforeAsyncPoint, Boolean includeStagesAfterAsyncPoint)


Time:2010-08-22 00:55:52
IP:::1
Url:http://localhost/tiny_mce/uploadmedia.aspx?type=swf,rm,jpg,bmp,png
UrlRef:http://localhost:802/tiny_mce/plugins/media/media.htm
Message:System.Web.HttpException: 超过了最大请求长度。
   在 System.Web.HttpRequest.GetEntireRawContent()
   在 System.Web.HttpRequest.GetMultipartContent()
   在 System.Web.HttpRequest.FillInFormCollection()
   在 System.Web.HttpRequest.get_Form()
   在 System.Web.HttpRequest.get_HasForm()
   在 System.Web.UI.Page.GetCollectionBasedOnMethod(Boolean dontReturnNull)
   在 System.Web.UI.Page.DeterminePostBackMode()
   在 System.Web.UI.Page.ProcessRequestMain(Boolean includeStagesBeforeAsyncPoint, Boolean includeStagesAfterAsyncPoint)


Time:2010-08-22 00:55:52
IP:::1
Url:http://localhost/tiny_mce/uploadmedia.aspx?type=swf,rm,jpg,bmp,png
UrlRef:http://localhost:802/tiny_mce/plugins/media/media.htm
Message:System.Web.HttpException: 超过了最大请求长度。
   在 System.Web.HttpRequest.GetEntireRawContent()
   在 System.Web.HttpRequest.GetMultipartContent()
   在 System.Web.HttpRequest.FillInFormCollection()
   在 System.Web.HttpRequest.get_Form()
   在 System.Web.HttpRequest.get_HasForm()
   在 System.Web.UI.Page.GetCollectionBasedOnMethod(Boolean dontReturnNull)
   在 System.Web.UI.Page.DeterminePostBackMode()
   在 System.Web.UI.Page.ProcessRequestMain(Boolean includeStagesBeforeAsyncPoint, Boolean includeStagesAfterAsyncPoint)


Time:2010-08-22 00:55:52
IP:::1
Url:http://localhost/tiny_mce/uploadmedia.aspx?type=swf,rm,jpg,bmp,png
UrlRef:http://localhost:802/tiny_mce/plugins/media/media.htm
Message:System.Web.HttpException: 超过了最大请求长度。
   在 System.Web.HttpRequest.GetEntireRawContent()
   在 System.Web.HttpRequest.GetMultipartContent()
   在 System.Web.HttpRequest.FillInFormCollection()
   在 System.Web.HttpRequest.get_Form()
   在 System.Web.HttpRequest.get_HasForm()
   在 System.Web.UI.Page.GetCollectionBasedOnMethod(Boolean dontReturnNull)
   在 System.Web.UI.Page.DeterminePostBackMode()
   在 System.Web.UI.Page.ProcessRequestMain(Boolean includeStagesBeforeAsyncPoint, Boolean includeStagesAfterAsyncPoint)


Time:2010-08-22 00:55:53
IP:::1
Url:http://localhost/tiny_mce/uploadmedia.aspx?type=swf,rm,jpg,bmp,png
UrlRef:http://localhost:802/tiny_mce/plugins/media/media.htm
Message:System.Web.HttpException: 超过了最大请求长度。
   在 System.Web.HttpRequest.GetEntireRawContent()
   在 System.Web.HttpRequest.GetMultipartContent()
   在 System.Web.HttpRequest.FillInFormCollection()
   在 System.Web.HttpRequest.get_Form()
   在 System.Web.HttpRequest.get_HasForm()
   在 System.Web.UI.Page.GetCollectionBasedOnMethod(Boolean dontReturnNull)
   在 System.Web.UI.Page.DeterminePostBackMode()
   在 System.Web.UI.Page.ProcessRequestMain(Boolean includeStagesBeforeAsyncPoint, Boolean includeStagesAfterAsyncPoint)


Time:2010-08-22 00:55:53
IP:::1
Url:http://localhost/tiny_mce/uploadmedia.aspx?type=swf,rm,jpg,bmp,png
UrlRef:http://localhost:802/tiny_mce/plugins/media/media.htm
Message:System.Web.HttpException: 超过了最大请求长度。
   在 System.Web.HttpRequest.GetEntireRawContent()
   在 System.Web.HttpRequest.GetMultipartContent()
   在 System.Web.HttpRequest.FillInFormCollection()
   在 System.Web.HttpRequest.get_Form()
   在 System.Web.HttpRequest.get_HasForm()
   在 System.Web.UI.Page.GetCollectionBasedOnMethod(Boolean dontReturnNull)
   在 System.Web.UI.Page.DeterminePostBackMode()
   在 System.Web.UI.Page.ProcessRequestMain(Boolean includeStagesBeforeAsyncPoint, Boolean includeStagesAfterAsyncPoint)


Time:2010-08-22 00:55:53
IP:::1
Url:http://localhost/tiny_mce/uploadmedia.aspx?type=swf,rm,jpg,bmp,png
UrlRef:http://localhost:802/tiny_mce/plugins/media/media.htm
Message:System.Web.HttpException: 超过了最大请求长度。
   在 System.Web.HttpRequest.GetEntireRawContent()
   在 System.Web.HttpRequest.GetMultipartContent()
   在 System.Web.HttpRequest.FillInFormCollection()
   在 System.Web.HttpRequest.get_Form()
   在 System.Web.HttpRequest.get_HasForm()
   在 System.Web.UI.Page.GetCollectionBasedOnMethod(Boolean dontReturnNull)
   在 System.Web.UI.Page.DeterminePostBackMode()
   在 System.Web.UI.Page.ProcessRequestMain(Boolean includeStagesBeforeAsyncPoint, Boolean includeStagesAfterAsyncPoint)


Time:2010-08-22 00:55:54
IP:::1
Url:http://localhost/tiny_mce/uploadmedia.aspx?type=swf,rm,jpg,bmp,png
UrlRef:http://localhost:802/tiny_mce/plugins/media/media.htm
Message:System.Web.HttpException: 超过了最大请求长度。
   在 System.Web.HttpRequest.GetEntireRawContent()
   在 System.Web.HttpRequest.GetMultipartContent()
   在 System.Web.HttpRequest.FillInFormCollection()
   在 System.Web.HttpRequest.get_Form()
   在 System.Web.HttpRequest.get_HasForm()
   在 System.Web.UI.Page.GetCollectionBasedOnMethod(Boolean dontReturnNull)
   在 System.Web.UI.Page.DeterminePostBackMode()
   在 System.Web.UI.Page.ProcessRequestMain(Boolean includeStagesBeforeAsyncPoint, Boolean includeStagesAfterAsyncPoint)


Time:2010-08-22 00:55:54
IP:::1
Url:http://localhost/tiny_mce/uploadmedia.aspx?type=swf,rm,jpg,bmp,png
UrlRef:http://localhost:802/tiny_mce/plugins/media/media.htm
Message:System.Web.HttpException: 超过了最大请求长度。
   在 System.Web.HttpRequest.GetEntireRawContent()
   在 System.Web.HttpRequest.GetMultipartContent()
   在 System.Web.HttpRequest.FillInFormCollection()
   在 System.Web.HttpRequest.get_Form()
   在 System.Web.HttpRequest.get_HasForm()
   在 System.Web.UI.Page.GetCollectionBasedOnMethod(Boolean dontReturnNull)
   在 System.Web.UI.Page.DeterminePostBackMode()
   在 System.Web.UI.Page.ProcessRequestMain(Boolean includeStagesBeforeAsyncPoint, Boolean includeStagesAfterAsyncPoint)


Time:2010-08-22 00:55:54
IP:::1
Url:http://localhost/tiny_mce/uploadmedia.aspx?type=swf,rm,jpg,bmp,png
UrlRef:http://localhost:802/tiny_mce/plugins/media/media.htm
Message:System.Web.HttpException: 超过了最大请求长度。
   在 System.Web.HttpRequest.GetEntireRawContent()
   在 System.Web.HttpRequest.GetMultipartContent()
   在 System.Web.HttpRequest.FillInFormCollection()
   在 System.Web.HttpRequest.get_Form()
   在 System.Web.HttpRequest.get_HasForm()
   在 System.Web.UI.Page.GetCollectionBasedOnMethod(Boolean dontReturnNull)
   在 System.Web.UI.Page.DeterminePostBackMode()
   在 System.Web.UI.Page.ProcessRequestMain(Boolean includeStagesBeforeAsyncPoint, Boolean includeStagesAfterAsyncPoint)


Time:2010-08-22 00:55:55
IP:::1
Url:http://localhost/tiny_mce/uploadmedia.aspx?type=swf,rm,jpg,bmp,png
UrlRef:http://localhost:802/tiny_mce/plugins/media/media.htm
Message:System.Web.HttpException: 超过了最大请求长度。
   在 System.Web.HttpRequest.GetEntireRawContent()
   在 System.Web.HttpRequest.GetMultipartContent()
   在 System.Web.HttpRequest.FillInFormCollection()
   在 System.Web.HttpRequest.get_Form()
   在 System.Web.HttpRequest.get_HasForm()
   在 System.Web.UI.Page.GetCollectionBasedOnMethod(Boolean dontReturnNull)
   在 System.Web.UI.Page.DeterminePostBackMode()
   在 System.Web.UI.Page.ProcessRequestMain(Boolean includeStagesBeforeAsyncPoint, Boolean includeStagesAfterAsyncPoint)


Time:2010-08-22 00:55:55
IP:::1
Url:http://localhost/tiny_mce/uploadmedia.aspx?type=swf,rm,jpg,bmp,png
UrlRef:http://localhost:802/tiny_mce/plugins/media/media.htm
Message:System.Web.HttpException: 超过了最大请求长度。
   在 System.Web.HttpRequest.GetEntireRawContent()
   在 System.Web.HttpRequest.GetMultipartContent()
   在 System.Web.HttpRequest.FillInFormCollection()
   在 System.Web.HttpRequest.get_Form()
   在 System.Web.HttpRequest.get_HasForm()
   在 System.Web.UI.Page.GetCollectionBasedOnMethod(Boolean dontReturnNull)
   在 System.Web.UI.Page.DeterminePostBackMode()
   在 System.Web.UI.Page.ProcessRequestMain(Boolean includeStagesBeforeAsyncPoint, Boolean includeStagesAfterAsyncPoint)


Time:2010-08-22 00:55:56
IP:::1
Url:http://localhost/tiny_mce/uploadmedia.aspx?type=swf,rm,jpg,bmp,png
UrlRef:http://localhost:802/tiny_mce/plugins/media/media.htm
Message:System.Web.HttpException: 超过了最大请求长度。
   在 System.Web.HttpRequest.GetEntireRawContent()
   在 System.Web.HttpRequest.GetMultipartContent()
   在 System.Web.HttpRequest.FillInFormCollection()
   在 System.Web.HttpRequest.get_Form()
   在 System.Web.HttpRequest.get_HasForm()
   在 System.Web.UI.Page.GetCollectionBasedOnMethod(Boolean dontReturnNull)
   在 System.Web.UI.Page.DeterminePostBackMode()
   在 System.Web.UI.Page.ProcessRequestMain(Boolean includeStagesBeforeAsyncPoint, Boolean includeStagesAfterAsyncPoint)


Time:2010-08-22 00:55:56
IP:::1
Url:http://localhost/tiny_mce/uploadmedia.aspx?type=swf,rm,jpg,bmp,png
UrlRef:http://localhost:802/tiny_mce/plugins/media/media.htm
Message:System.Web.HttpException: 超过了最大请求长度。
   在 System.Web.HttpRequest.GetEntireRawContent()
   在 System.Web.HttpRequest.GetMultipartContent()
   在 System.Web.HttpRequest.FillInFormCollection()
   在 System.Web.HttpRequest.get_Form()
   在 System.Web.HttpRequest.get_HasForm()
   在 System.Web.UI.Page.GetCollectionBasedOnMethod(Boolean dontReturnNull)
   在 System.Web.UI.Page.DeterminePostBackMode()
   在 System.Web.UI.Page.ProcessRequestMain(Boolean includeStagesBeforeAsyncPoint, Boolean includeStagesAfterAsyncPoint)


Time:2010-08-22 00:55:56
IP:::1
Url:http://localhost/tiny_mce/uploadmedia.aspx?type=swf,rm,jpg,bmp,png
UrlRef:http://localhost:802/tiny_mce/plugins/media/media.htm
Message:System.Web.HttpException: 超过了最大请求长度。
   在 System.Web.HttpRequest.GetEntireRawContent()
   在 System.Web.HttpRequest.GetMultipartContent()
   在 System.Web.HttpRequest.FillInFormCollection()
   在 System.Web.HttpRequest.get_Form()
   在 System.Web.HttpRequest.get_HasForm()
   在 System.Web.UI.Page.GetCollectionBasedOnMethod(Boolean dontReturnNull)
   在 System.Web.UI.Page.DeterminePostBackMode()
   在 System.Web.UI.Page.ProcessRequestMain(Boolean includeStagesBeforeAsyncPoint, Boolean includeStagesAfterAsyncPoint)


Time:2010-08-22 00:55:57
IP:::1
Url:http://localhost/tiny_mce/uploadmedia.aspx?type=swf,rm,jpg,bmp,png
UrlRef:http://localhost:802/tiny_mce/plugins/media/media.htm
Message:System.Web.HttpException: 超过了最大请求长度。
   在 System.Web.HttpRequest.GetEntireRawContent()
   在 System.Web.HttpRequest.GetMultipartContent()
   在 System.Web.HttpRequest.FillInFormCollection()
   在 System.Web.HttpRequest.get_Form()
   在 System.Web.HttpRequest.get_HasForm()
   在 System.Web.UI.Page.GetCollectionBasedOnMethod(Boolean dontReturnNull)
   在 System.Web.UI.Page.DeterminePostBackMode()
   在 System.Web.UI.Page.ProcessRequestMain(Boolean includeStagesBeforeAsyncPoint, Boolean includeStagesAfterAsyncPoint)


Time:2010-08-22 00:55:57
IP:::1
Url:http://localhost/tiny_mce/uploadmedia.aspx?type=swf,rm,jpg,bmp,png
UrlRef:http://localhost:802/tiny_mce/plugins/media/media.htm
Message:System.Web.HttpException: 超过了最大请求长度。
   在 System.Web.HttpRequest.GetEntireRawContent()
   在 System.Web.HttpRequest.GetMultipartContent()
   在 System.Web.HttpRequest.FillInFormCollection()
   在 System.Web.HttpRequest.get_Form()
   在 System.Web.HttpRequest.get_HasForm()
   在 System.Web.UI.Page.GetCollectionBasedOnMethod(Boolean dontReturnNull)
   在 System.Web.UI.Page.DeterminePostBackMode()
   在 System.Web.UI.Page.ProcessRequestMain(Boolean includeStagesBeforeAsyncPoint, Boolean includeStagesAfterAsyncPoint)


Time:2010-08-22 00:55:57
IP:::1
Url:http://localhost/tiny_mce/uploadmedia.aspx?type=swf,rm,jpg,bmp,png
UrlRef:http://localhost:802/tiny_mce/plugins/media/media.htm
Message:System.Web.HttpException: 超过了最大请求长度。
   在 System.Web.HttpRequest.GetEntireRawContent()
   在 System.Web.HttpRequest.GetMultipartContent()
   在 System.Web.HttpRequest.FillInFormCollection()
   在 System.Web.HttpRequest.get_Form()
   在 System.Web.HttpRequest.get_HasForm()
   在 System.Web.UI.Page.GetCollectionBasedOnMethod(Boolean dontReturnNull)
   在 System.Web.UI.Page.DeterminePostBackMode()
   在 System.Web.UI.Page.ProcessRequestMain(Boolean includeStagesBeforeAsyncPoint, Boolean includeStagesAfterAsyncPoint)


Time:2010-08-22 00:55:58
IP:::1
Url:http://localhost/tiny_mce/uploadmedia.aspx?type=swf,rm,jpg,bmp,png
UrlRef:http://localhost:802/tiny_mce/plugins/media/media.htm
Message:System.Web.HttpException: 超过了最大请求长度。
   在 System.Web.HttpRequest.GetEntireRawContent()
   在 System.Web.HttpRequest.GetMultipartContent()
   在 System.Web.HttpRequest.FillInFormCollection()
   在 System.Web.HttpRequest.get_Form()
   在 System.Web.HttpRequest.get_HasForm()
   在 System.Web.UI.Page.GetCollectionBasedOnMethod(Boolean dontReturnNull)
   在 System.Web.UI.Page.DeterminePostBackMode()
   在 System.Web.UI.Page.ProcessRequestMain(Boolean includeStagesBeforeAsyncPoint, Boolean includeStagesAfterAsyncPoint)


Time:2010-08-22 00:55:58
IP:::1
Url:http://localhost/tiny_mce/uploadmedia.aspx?type=swf,rm,jpg,bmp,png
UrlRef:http://localhost:802/tiny_mce/plugins/media/media.htm
Message:System.Web.HttpException: 超过了最大请求长度。
   在 System.Web.HttpRequest.GetEntireRawContent()
   在 System.Web.HttpRequest.GetMultipartContent()
   在 System.Web.HttpRequest.FillInFormCollection()
   在 System.Web.HttpRequest.get_Form()
   在 System.Web.HttpRequest.get_HasForm()
   在 System.Web.UI.Page.GetCollectionBasedOnMethod(Boolean dontReturnNull)
   在 System.Web.UI.Page.DeterminePostBackMode()
   在 System.Web.UI.Page.ProcessRequestMain(Boolean includeStagesBeforeAsyncPoint, Boolean includeStagesAfterAsyncPoint)


Time:2010-08-22 00:58:09
IP:::1
Url:http://localhost/tiny_mce/uploadmedia.aspx?type=swf,rm,jpg,bmp,png
UrlRef:http://localhost:802/tiny_mce/plugins/media/media.htm
Message:System.Web.HttpException: 超过了最大请求长度。
   在 System.Web.HttpRequest.GetEntireRawContent()
   在 System.Web.HttpRequest.GetMultipartContent()
   在 System.Web.HttpRequest.FillInFormCollection()
   在 System.Web.HttpRequest.get_Form()
   在 System.Web.HttpRequest.get_HasForm()
   在 System.Web.UI.Page.GetCollectionBasedOnMethod(Boolean dontReturnNull)
   在 System.Web.UI.Page.DeterminePostBackMode()
   在 System.Web.UI.Page.ProcessRequestMain(Boolean includeStagesBeforeAsyncPoint, Boolean includeStagesAfterAsyncPoint)


Time:2010-08-22 00:58:10
IP:::1
Url:http://localhost/tiny_mce/uploadmedia.aspx?type=swf,rm,jpg,bmp,png
UrlRef:http://localhost:802/tiny_mce/plugins/media/media.htm
Message:System.Web.HttpException: 超过了最大请求长度。
   在 System.Web.HttpRequest.GetEntireRawContent()
   在 System.Web.HttpRequest.GetMultipartContent()
   在 System.Web.HttpRequest.FillInFormCollection()
   在 System.Web.HttpRequest.get_Form()
   在 System.Web.HttpRequest.get_HasForm()
   在 System.Web.UI.Page.GetCollectionBasedOnMethod(Boolean dontReturnNull)
   在 System.Web.UI.Page.DeterminePostBackMode()
   在 System.Web.UI.Page.ProcessRequestMain(Boolean includeStagesBeforeAsyncPoint, Boolean includeStagesAfterAsyncPoint)


Time:2010-08-25 11:32:22
IP:::1
Url:http://localhost/Admin/Content/ArticleClear.aspx
UrlRef:http://localhost:802/Admin/Content/ArticleRecycle.aspx
Message:System.Data.SqlClient.SqlException: DELETE 语句与 REFERENCE 约束"FK_Notice_Article"冲突。该冲突发生于数据库"AnyWeb"，表"dbo.Notice", column 'NotiArtiID'。
语句已终止。
   在 Studio.Data.SqlDbExecutor.ExecuteNonQuery(CommandType cmdType, String cmdText, IDbDataParameter[] parameters) 位置 E:\Program Files\PROJECT\DOTNET\AnyWeb\Studio\Data\SqlDbExecutor.cs:行号 186
   在 AnyWeb.AnyWeb_DL.ArticleAgent.ClearArticle(String ids) 位置 E:\Program Files\PROJECT\DOTNET\AnyWeb\AnyWeb_DL\Agent\ArticleAgent.cs:行号 244
   在 Content_ArticleClear.OnPreRender(EventArgs e) 位置 e:\Program Files\PROJECT\DOTNET\AnyWeb\Web\Admin\Content\ArticleClear.aspx.cs:行号 44
   在 System.Web.UI.Control.PreRenderRecursiveInternal()
   在 System.Web.UI.Page.ProcessRequestMain(Boolean includeStagesBeforeAsyncPoint, Boolean includeStagesAfterAsyncPoint)


