Time:2010-08-19 22:19:11
IP:::1
Url:http://localhost/LinkList.aspx
UrlRef:http://localhost:802/Contact.aspx
Message:System.Web.HttpParseException: 未知的服务器标记“cc1:pagenaver”。 ---> System.Web.HttpException: 未知的服务器标记“cc1:pagenaver”。
   在 System.Web.UI.TemplateParser.ProcessError(String message)
   在 System.Web.UI.TemplateParser.ProcessBeginTag(Match match, String inputText)
   在 System.Web.UI.TemplateParser.ParseStringInternal(String text, Encoding fileEncoding)
   --- 内部异常堆栈跟踪的结尾 ---
   在 System.Web.UI.TemplateParser.ProcessException(Exception ex)
   在 System.Web.UI.TemplateParser.ParseStringInternal(String text, Encoding fileEncoding)
   在 System.Web.UI.TemplateParser.ParseString(String text, VirtualPath virtualPath, Encoding fileEncoding)


Time:2010-08-19 23:36:26
IP:::1
Url:http://localhost/LinkList.aspx
UrlRef:http://localhost:802/Leadership.aspx
Message:System.Web.HttpException: 类型“DropDownList”的控件“ctl00_ctl00_ContentPlaceHolder1_ContentPlaceHolder1_drpCate”必须放在具有 runat=server 的窗体标记内。
   在 System.Web.UI.Page.VerifyRenderingInServerForm(Control control)
   在 System.Web.UI.WebControls.ListControl.AddAttributesToRender(HtmlTextWriter writer)
   在 System.Web.UI.WebControls.DropDownList.AddAttributesToRender(HtmlTextWriter writer)
   在 System.Web.UI.WebControls.WebControl.RenderBeginTag(HtmlTextWriter writer)
   在 System.Web.UI.WebControls.WebControl.Render(HtmlTextWriter writer)
   在 System.Web.UI.Control.RenderControlInternal(HtmlTextWriter writer, ControlAdapter adapter)
   在 System.Web.UI.Control.RenderControl(HtmlTextWriter writer, ControlAdapter adapter)
   在 System.Web.UI.Control.RenderControl(HtmlTextWriter writer)
   在 System.Web.UI.Control.RenderChildrenInternal(HtmlTextWriter writer, ICollection children)
   在 System.Web.UI.Control.RenderChildren(HtmlTextWriter writer)
   在 System.Web.UI.Control.Render(HtmlTextWriter writer)
   在 System.Web.UI.Control.RenderControlInternal(HtmlTextWriter writer, ControlAdapter adapter)
   在 System.Web.UI.Control.RenderControl(HtmlTextWriter writer, ControlAdapter adapter)
   在 System.Web.UI.Control.RenderControl(HtmlTextWriter writer)
   在 System.Web.UI.Control.RenderChildrenInternal(HtmlTextWriter writer, ICollection children)
   在 System.Web.UI.Control.RenderChildren(HtmlTextWriter writer)
   在 System.Web.UI.Control.Render(HtmlTextWriter writer)
   在 System.Web.UI.Control.RenderControlInternal(HtmlTextWriter writer, ControlAdapter adapter)
   在 System.Web.UI.Control.RenderControl(HtmlTextWriter writer, ControlAdapter adapter)
   在 System.Web.UI.Control.RenderControl(HtmlTextWriter writer)
   在 System.Web.UI.Control.RenderChildrenInternal(HtmlTextWriter writer, ICollection children)
   在 System.Web.UI.Control.RenderChildren(HtmlTextWriter writer)
   在 System.Web.UI.Control.Render(HtmlTextWriter writer)
   在 System.Web.UI.Control.RenderControlInternal(HtmlTextWriter writer, ControlAdapter adapter)
   在 System.Web.UI.Control.RenderControl(HtmlTextWriter writer, ControlAdapter adapter)
   在 System.Web.UI.Control.RenderControl(HtmlTextWriter writer)
   在 System.Web.UI.Control.RenderChildrenInternal(HtmlTextWriter writer, ICollection children)
   在 System.Web.UI.Control.RenderChildren(HtmlTextWriter writer)
   在 System.Web.UI.Control.Render(HtmlTextWriter writer)
   在 System.Web.UI.Control.RenderControlInternal(HtmlTextWriter writer, ControlAdapter adapter)
   在 System.Web.UI.Control.RenderControl(HtmlTextWriter writer, ControlAdapter adapter)
   在 System.Web.UI.Control.RenderControl(HtmlTextWriter writer)
   在 System.Web.UI.Control.RenderChildrenInternal(HtmlTextWriter writer, ICollection children)
   在 System.Web.UI.Control.RenderChildren(HtmlTextWriter writer)
   在 System.Web.UI.Page.Render(HtmlTextWriter writer)
   在 System.Web.UI.Control.RenderControlInternal(HtmlTextWriter writer, ControlAdapter adapter)
   在 System.Web.UI.Control.RenderControl(HtmlTextWriter writer, ControlAdapter adapter)
   在 System.Web.UI.Control.RenderControl(HtmlTextWriter writer)
   在 System.Web.UI.Page.ProcessRequestMain(Boolean includeStagesBeforeAsyncPoint, Boolean includeStagesAfterAsyncPoint)


Time:2010-08-19 23:37:36
IP:::1
Url:http://localhost/LinkList.aspx
UrlRef:http://localhost:802/Leadership.aspx
Message:System.Web.HttpParseException: 未知的服务器标记“asp:Form”。 ---> System.Web.HttpException: 未知的服务器标记“asp:Form”。
   在 System.Web.UI.TagPrefixTagNameToTypeMapper.System.Web.UI.ITagNameToTypeMapper.GetControlType(String tagName, IDictionary attribs)
   在 System.Web.UI.MainTagNameToTypeMapper.GetControlType2(String tagName, IDictionary attribs, Boolean fAllowHtmlTags)
   在 System.Web.UI.MainTagNameToTypeMapper.GetControlType(String tagName, IDictionary attribs, Boolean fAllowHtmlTags)
   在 System.Web.UI.RootBuilder.GetChildControlType(String tagName, IDictionary attribs)
   在 System.Web.UI.ControlBuilder.CreateChildBuilder(String filter, String tagName, IDictionary attribs, TemplateParser parser, ControlBuilder parentBuilder, String id, Int32 line, VirtualPath virtualPath, Type& childType, Boolean defaultProperty)
   在 System.Web.UI.TemplateParser.ProcessBeginTag(Match match, String inputText)
   在 System.Web.UI.TemplateParser.ParseStringInternal(String text, Encoding fileEncoding)
   --- 内部异常堆栈跟踪的结尾 ---
   在 System.Web.UI.TemplateParser.ProcessException(Exception ex)
   在 System.Web.UI.TemplateParser.ParseStringInternal(String text, Encoding fileEncoding)
   在 System.Web.UI.TemplateParser.ParseString(String text, VirtualPath virtualPath, Encoding fileEncoding)


Time:2010-08-21 21:18:44
IP:::1
Url:http://localhost/NoticeList.aspx
UrlRef:http://localhost:802/Index.aspx
Message:System.Web.HttpException: DataBinding:“AnyWeb.AnyWeb_DL.Notice”不包含名为“ArtiCreateAt”的属性。
   在 System.Web.UI.DataBinder.GetPropertyValue(Object container, String propName)
   在 System.Web.UI.DataBinder.Eval(Object container, String[] expressionParts)
   在 System.Web.UI.DataBinder.Eval(Object container, String expression)
   在 System.Web.UI.DataBinder.Eval(Object container, String expression, String format)
   在 System.Web.UI.TemplateControl.Eval(String expression, String format)
   在 ASP.noticelist_aspx.__DataBind__control3(Object sender, EventArgs e) 位置 e:\Program Files\PROJECT\DOTNET\AnyWeb\Web\NoticeList.aspx:行号 18
   在 System.Web.UI.Control.OnDataBinding(EventArgs e)
   在 System.Web.UI.Control.DataBind(Boolean raiseOnDataBinding)
   在 System.Web.UI.Control.DataBind()
   在 System.Web.UI.Control.DataBindChildren()
   在 System.Web.UI.Control.DataBind(Boolean raiseOnDataBinding)
   在 System.Web.UI.Control.DataBind()
   在 System.Web.UI.WebControls.Repeater.CreateItem(Int32 itemIndex, ListItemType itemType, Boolean dataBind, Object dataItem)
   在 System.Web.UI.WebControls.Repeater.CreateControlHierarchy(Boolean useDataSource)
   在 System.Web.UI.WebControls.Repeater.OnDataBinding(EventArgs e)
   在 System.Web.UI.WebControls.Repeater.DataBind()
   在 NoticeList.OnPreRender(EventArgs e) 位置 e:\Program Files\PROJECT\DOTNET\AnyWeb\Web\NoticeList.aspx.cs:行号 19
   在 System.Web.UI.Control.PreRenderRecursiveInternal()
   在 System.Web.UI.Page.ProcessRequestMain(Boolean includeStagesBeforeAsyncPoint, Boolean includeStagesAfterAsyncPoint)


